Biabduction Query:
P: True
A: Arr(t, t) * t+1 -> (*:0)
B: Arr(a, b)


Biabduction Answer(s)
- Answer 0
P: (a <= (t+1) | a =/ b) & (a =/ b | t <= (b+1)) & (b <= a | t <= (b+1)) & (a <= (t+1) | b <= a) & (t+1) < b & a < t
X: Arr(a, t-1) * Arr(t+2, b)
Y: Emp
- Answer 1
P: (a <= t | a =/ b | b =/ t+1 | b <= t) & (t <= a | b <= (t+1)) & (a <= (t+1) | a =/ b) & (a =/ b | t <= (b+1)) & (b <= a | t <= (b+1)) & (a <= (t+1) | b <= a) & (t+1) < b & a = t
X: Arr(t+2, b)
Y: Emp
- Answer 2
P: (a <= t | a =/ t+1 | b <= (t+1)) & (a =/ t | b <= (t+1)) & (a <= t | a =/ b | b =/ t+1 | b <= t) & (t <= a | b <= (t+1)) & (a <= (t+1) | a =/ b) & (a =/ b | t <= (b+1)) & (b <= a | t <= (b+1)) & (a <= (t+1) | b <= a) & b = t & t < (b+1) & a < b
X: Arr(a, t-1)
Y: t+1 -> (*:0)
- Answer 3
P: (b <= a | t <= b | t =/ b+1 | t <= b) & (a =/ b | b =/ t | (b+1) <= t | b =/ t) & (b <= a | b =/ t | (b+1) <= t | b =/ t) & (a <= t | a =/ t+1 | b <= (t+1)) & (a =/ t | b <= (t+1)) & (a <= t | a =/ b | b =/ t+1 | b <= t) & (t <= a | b <= (t+1)) & (a <= (t+1) | a =/ b) & (a =/ b | t <= (b+1)) & (b <= a | t <= (b+1)) & (a <= (t+1) | b <= a) & t < b & b = (t+1) & a < t
X: Arr(a, t-1)
Y: Emp
- Answer 4
P0: a < b & (t+1) < a
P1: (a <= (t+1) | b <= a) & (b+1) < t & a < b
P2: (b <= a | t <= (b+1)) & (a <= (t+1) | b <= a) & (b+1) < t & a = b
P3: (a =/ b | t <= (b+1)) & (b <= a | t <= (b+1)) & (a <= (t+1) | b <= a) & a = b & (t+1) < a
P4: (a =/ b | b =/ t | (b+1) <= t | b =/ t) & (b <= a | b =/ t | (b+1) <= t | b =/ t) & (a <= t | a =/ t+1 | b <= (t+1)) & (a =/ t | b <= (t+1)) & (a <= t | a =/ b | b =/ t+1 | b <= t) & (t <= a | b <= (t+1)) & (a <= (t+1) | a =/ b) & (a =/ b | t <= (b+1)) & (b <= a | t <= (b+1)) & (a <= (t+1) | b <= a) & b < t & t = (b+1) & a < b
P5: (a =/ t | b <= t | b =/ t+1 | b <= t) & (t <= a | b <= t | b =/ t+1 | b <= t) & (b <= a | t <= b | t =/ b+1 | t <= b) & (a =/ b | b =/ t | (b+1) <= t | b =/ t) & (b <= a | b =/ t | (b+1) <= t | b =/ t) & (a <= t | a =/ t+1 | b <= (t+1)) & (a =/ t | b <= (t+1)) & (a <= t | a =/ b | b =/ t+1 | b <= t) & (t <= a | b <= (t+1)) & (a <= (t+1) | a =/ b) & (a =/ b | t <= (b+1)) & (b <= a | t <= (b+1)) & (a <= (t+1) | b <= a) & b < t & t = (b+1) & a = b
P: P0|P1|P2|P3|P4|P5
X: Arr(a, b)
Y: t+1 -> (*:0) * Arr(t, t)
- Answer 5
P: (t <= a | b <= t | b =/ t+1 | b <= t) & (b <= a | t <= b | t =/ b+1 | t <= b) & (a =/ b | b =/ t | (b+1) <= t | b =/ t) & (b <= a | b =/ t | (b+1) <= t | b =/ t) & (a <= t | a =/ t+1 | b <= (t+1)) & (a =/ t | b <= (t+1)) & (a <= t | a =/ b | b =/ t+1 | b <= t) & (t <= a | b <= (t+1)) & (a <= (t+1) | a =/ b) & (a =/ b | t <= (b+1)) & (b <= a | t <= (b+1)) & (a <= (t+1) | b <= a) & t < b & b = (t+1) & a = t
X: Emp
Y: Emp
- Answer 6
P: (b <= a | b =/ t | (b+1) <= t | b =/ t) & (a <= t | a =/ t+1 | b <= (t+1)) & (a =/ t | b <= (t+1)) & (a <= t | a =/ b | b =/ t+1 | b <= t) & (t <= a | b <= (t+1)) & (a <= (t+1) | a =/ b) & (a =/ b | t <= (b+1)) & (b <= a | t <= (b+1)) & (a <= (t+1) | b <= a) & b = t & t < (b+1) & a = b
X: Emp
Y: t+1 -> (*:0)
- Answer 7
P: (a =/ t | b <= (t+1)) & (a <= t | a =/ b | b =/ t+1 | b <= t) & (t <= a | b <= (t+1)) & (a <= (t+1) | a =/ b) & (a =/ b | t <= (b+1)) & (b <= a | t <= (b+1)) & (a <= (t+1) | b <= a) & (t+1) < b & a = (t+1) & t < a
X: Arr(t+2, b)
Y: Arr(t, t)
- Answer 8
P: (t <= a | b <= (t+1)) & (a <= (t+1) | a =/ b) & (a =/ b | t <= (b+1)) & (b <= a | t <= (b+1)) & (a <= (t+1) | b <= a) & t < b & b = (t+1) & a = b & t < a
X: Emp
Y: Arr(t, t)
- GiveUp
None
