Biabduction Query:
P: True
A: Arr(t, t)
B: Arr(a, b)


Biabduction Answer(s)
- Answer 0
P: (a =/ b | t <= (b+1)) & (a <= t | a =/ t+1 | b <= (t+1)) & (b <= a | t <= (b+1)) & (t <= a | b <= (t+1)) & (a <= (t+1) | b <= a) & b = t & t < (b+1) & a < b
X: Arr(a, t-1)
Y: Emp
- Answer 1
P0: (b <= a | b =/ t | (b+1) <= t | b =/ t) & (a =/ b | t <= (b+1)) & (a <= t | a =/ t+1 | b <= (t+1)) & (b <= a | t <= (b+1)) & (t <= a | b <= (t+1)) & (a <= (t+1) | b <= a) & (t+1) < b & a = t
P1: (a <= t | a =/ b | b =/ t+1 | b <= t) & (b <= a | t <= b | t =/ b+1 | t <= b) & (a <= (t+1) | a =/ b) & (t <= a | b <= t | b =/ t+1 | b <= t) & (a =/ t | b <= (t+1)) & (b <= a | b =/ t | (b+1) <= t | b =/ t) & (a =/ b | t <= (b+1)) & (a <= t | a =/ t+1 | b <= (t+1)) & (b <= a | t <= (b+1)) & (t <= a | b <= (t+1)) & (a <= (t+1) | b <= a) & t < b & b = (t+1) & a = t
P: P0|P1
X: Arr(t+1, b)
Y: Emp
- Answer 2
P: (a =/ b | t <= b | t =/ b+1 | t <= b) & (a =/ t | b <= t | b =/ t+1 | b <= t) & (a <= t | a =/ b | b =/ t+1 | b <= t) & (b <= a | t <= b | t =/ b+1 | t <= b) & (a <= (t+1) | a =/ b) & (t <= a | b <= t | b =/ t+1 | b <= t) & (a =/ t | b <= (t+1)) & (b <= a | b =/ t | (b+1) <= t | b =/ t) & (a =/ b | t <= (b+1)) & (a <= t | a =/ t+1 | b <= (t+1)) & (b <= a | t <= (b+1)) & (t <= a | b <= (t+1)) & (a <= (t+1) | b <= a) & b = t & t < (b+1) & a = b
X: Emp
Y: Emp
- Answer 3
P0: a < b & (t+1) < a
P1: (t <= a | b <= (t+1)) & (a <= (t+1) | b <= a) & (b+1) < t & a < b
P2: (b <= a | t <= (b+1)) & (t <= a | b <= (t+1)) & (a <= (t+1) | b <= a) & (t+1) < b & a = (t+1) & t < a
P3: (a <= t | a =/ t+1 | b <= (t+1)) & (b <= a | t <= (b+1)) & (t <= a | b <= (t+1)) & (a <= (t+1) | b <= a) & (b+1) < t & a = b
P4: (t <= a | b <= t | b =/ t+1 | b <= t) & (a =/ t | b <= (t+1)) & (b <= a | b =/ t | (b+1) <= t | b =/ t) & (a =/ b | t <= (b+1)) & (a <= t | a =/ t+1 | b <= (t+1)) & (b <= a | t <= (b+1)) & (t <= a | b <= (t+1)) & (a <= (t+1) | b <= a) & a = b & (t+1) < a
P5: (a <= (t+1) | a =/ b) & (t <= a | b <= t | b =/ t+1 | b <= t) & (a =/ t | b <= (t+1)) & (b <= a | b =/ t | (b+1) <= t | b =/ t) & (a =/ b | t <= (b+1)) & (a <= t | a =/ t+1 | b <= (t+1)) & (b <= a | t <= (b+1)) & (t <= a | b <= (t+1)) & (a <= (t+1) | b <= a) & b < t & t = (b+1) & a < b
P6: (b <= a | t <= b | t =/ b+1 | t <= b) & (a <= (t+1) | a =/ b) & (t <= a | b <= t | b =/ t+1 | b <= t) & (a =/ t | b <= (t+1)) & (b <= a | b =/ t | (b+1) <= t | b =/ t) & (a =/ b | t <= (b+1)) & (a <= t | a =/ t+1 | b <= (t+1)) & (b <= a | t <= (b+1)) & (t <= a | b <= (t+1)) & (a <= (t+1) | b <= a) & t < b & b = (t+1) & a = b & t < a
P7: (a =/ t | b <= t | b =/ t+1 | b <= t) & (a <= t | a =/ b | b =/ t+1 | b <= t) & (b <= a | t <= b | t =/ b+1 | t <= b) & (a <= (t+1) | a =/ b) & (t <= a | b <= t | b =/ t+1 | b <= t) & (a =/ t | b <= (t+1)) & (b <= a | b =/ t | (b+1) <= t | b =/ t) & (a =/ b | t <= (b+1)) & (a <= t | a =/ t+1 | b <= (t+1)) & (b <= a | t <= (b+1)) & (t <= a | b <= (t+1)) & (a <= (t+1) | b <= a) & b < t & t = (b+1) & a = b
P: P0|P1|P2|P3|P4|P5|P6|P7
X: Arr(a, b)
Y: Arr(t, t)
- Answer 4
P0: (a <= (t+1) | b <= a) & (t+1) < b & a < t
P1: (a =/ t | b <= (t+1)) & (b <= a | b =/ t | (b+1) <= t | b =/ t) & (a =/ b | t <= (b+1)) & (a <= t | a =/ t+1 | b <= (t+1)) & (b <= a | t <= (b+1)) & (t <= a | b <= (t+1)) & (a <= (t+1) | b <= a) & t < b & b = (t+1) & a < t
P: P0|P1
X: Arr(a, t-1) * Arr(t+1, b)
Y: Emp
- GiveUp
None
